2024-08-17 18:45:01 Loading main app package /usr/lib/obsidian/obsidian.asar
2024-08-17 18:45:02 Checking for update using Github
2024-08-17 18:45:03 Success.
2024-08-17 18:45:03 Latest version is 1.6.7
2024-08-17 18:45:03 App is up to date.
2024-08-17 18:45:23 Loading main app package /usr/lib/obsidian/obsidian.asar
2024-08-17 18:45:23 Checking for update using Github
2024-08-17 18:45:23 Success.
2024-08-17 18:45:23 Latest version is 1.6.7
2024-08-17 18:45:23 App is up to date.
2024-08-18 12:16:21 Loading main app package /usr/lib/obsidian/obsidian.asar
2024-08-18 12:16:22 Checking for update using Github
2024-08-18 12:16:23 Success.
2024-08-18 12:16:23 Latest version is 1.6.7
2024-08-18 12:16:23 App is up to date.
2024-08-18 12:17:41 Loading main app package /usr/lib/obsidian/obsidian.asar
2024-08-18 12:17:42 Checking for update using Github
2024-08-18 12:17:42 Success.
2024-08-18 12:17:42 Latest version is 1.6.7
2024-08-18 12:17:42 App is up to date.
2024-08-18 12:18:30 Loading main app package /usr/lib/obsidian/obsidian.asar
2024-08-18 12:18:31 Checking for update using Github
2024-08-18 12:18:31 Success.
2024-08-18 12:18:31 Latest version is 1.6.7
2024-08-18 12:18:31 App is up to date.
2024-08-18 12:21:33 Loading main app package /usr/lib/obsidian/obsidian.asar
2024-08-18 12:21:34 Checking for update using Github
2024-08-18 12:21:34 Success.
2024-08-18 12:21:34 Latest version is 1.6.7
2024-08-18 12:21:34 App is up to date.
2024-08-18 12:22:04 Loading main app package /usr/lib/obsidian/obsidian.asar
2024-08-18 12:22:05 Checking for update using Github
2024-08-18 12:22:05 Success.
2024-08-18 12:22:05 Latest version is 1.6.7
2024-08-18 12:22:05 App is up to date.
2024-08-18 12:30:25 Loading main app package /usr/lib/obsidian/obsidian.asar
2024-08-18 12:30:26 Checking for update using Github
2024-08-18 12:30:26 Success.
2024-08-18 12:30:26 Latest version is 1.6.7
2024-08-18 12:30:26 App is up to date.
2024-08-18 12:30:56 Loading main app package /usr/lib/obsidian/obsidian.asar
2024-08-18 12:30:57 Checking for update using Github
2024-08-18 12:30:57 Success.
2024-08-18 12:30:57 Latest version is 1.6.7
2024-08-18 12:30:57 App is up to date.
2024-08-18 12:31:55 Loading main app package /usr/lib/obsidian/obsidian.asar
2024-08-18 12:31:56 Checking for update using Github
2024-08-18 12:31:56 Success.
2024-08-18 12:31:56 Latest version is 1.6.7
2024-08-18 12:31:56 App is up to date.
2024-08-18 12:37:22 Loading main app package /usr/lib/obsidian/obsidian.asar
2024-08-18 12:37:23 Checking for update using Github
2024-08-18 12:37:23 Success.
2024-08-18 12:37:23 Latest version is 1.6.7
2024-08-18 12:37:23 App is up to date.
2024-08-18 12:40:06 Loading main app package /usr/lib/obsidian/obsidian.asar
2024-08-18 12:40:07 Checking for update using Github
2024-08-18 12:40:07 Success.
2024-08-18 12:40:07 Latest version is 1.6.7
2024-08-18 12:40:07 App is up to date.
2024-08-18 12:57:58 Loading main app package /usr/lib/obsidian/obsidian.asar
2024-08-18 12:57:59 Checking for update using Github
2024-08-18 12:57:59 Success.
2024-08-18 12:57:59 Latest version is 1.6.7
2024-08-18 12:57:59 App is up to date.
2024-08-18 12:59:12 Loading main app package /usr/lib/obsidian/obsidian.asar
2024-08-18 12:59:13 Checking for update using Github
2024-08-18 12:59:13 Success.
2024-08-18 12:59:13 Latest version is 1.6.7
2024-08-18 12:59:13 App is up to date.
2024-08-18 13:07:47 Loading main app package /usr/lib/obsidian/obsidian.asar
2024-08-18 13:07:48 Checking for update using Github
2024-08-18 13:07:48 Success.
2024-08-18 13:07:48 Latest version is 1.6.7
2024-08-18 13:07:48 App is up to date.
2024-08-18 13:49:58 Loading main app package /usr/lib/obsidian/obsidian.asar
2024-08-18 13:49:59 Checking for update using Github
2024-08-18 13:49:59 Success.
2024-08-18 13:49:59 Latest version is 1.6.7
2024-08-18 13:49:59 App is up to date.
2024-08-18 13:53:22 Loading main app package /usr/lib/obsidian/obsidian.asar
2024-08-18 13:53:23 Checking for update using Github
2024-08-18 13:53:23 Success.
2024-08-18 13:53:23 Latest version is 1.6.7
2024-08-18 13:53:23 App is up to date.
2024-08-18 13:54:03 Loading main app package /usr/lib/obsidian/obsidian.asar
2024-08-18 13:54:04 Checking for update using Github
2024-08-18 13:54:04 Success.
2024-08-18 13:54:04 Latest version is 1.6.7
2024-08-18 13:54:04 App is up to date.
2024-08-18 14:01:23 Loading main app package /usr/lib/obsidian/obsidian.asar
2024-08-18 14:01:23 Checking for update using Github
2024-08-18 14:01:51 Loading main app package /usr/lib/obsidian/obsidian.asar
2024-08-18 14:01:52 Checking for update using Github
2024-08-18 14:01:52 Success.
2024-08-18 14:01:52 Latest version is 1.6.7
2024-08-18 14:01:52 App is up to date.
2024-08-18 15:20:26 Loading main app package /usr/lib/obsidian/obsidian.asar
2024-08-18 15:20:27 Checking for update using Github
2024-08-18 15:20:27 Success.
2024-08-18 15:20:27 Latest version is 1.6.7
2024-08-18 15:20:27 App is up to date.
